<?xml version="1.0" encoding="UTF-8"?>
<!-- Generated by org.testng.reporters.JUnitXMLReporter -->
<testsuite ignored="0" hostname="Paulson" failures="0" tests="7" name="OpenCartTest" time="87.696" errors="0" timestamp="2023-10-09T19:30:19 BST">
  <testcase classname="testCases.TC_001_AccountRegistrationTest" name="test_account_Registration" time="10.386"/>
  <testcase classname="testCases.TC_002_Logintest" name="test_login" time="1.855"/>
  <testcase classname="testCases.TC_003_LoginDDT" name="test_loginDDT" time="11.657"/>
  <testcase classname="testCases.TC_003_LoginDDT" name="test_loginDDT" time="2.25"/>
  <testcase classname="testCases.TC_003_LoginDDT" name="test_loginDDT" time="11.411"/>
  <testcase classname="testCases.TC_003_LoginDDT" name="test_loginDDT" time="11.642"/>
  <testcase classname="testCases.TC_003_LoginDDT" name="test_loginDDT" time="12.68"/>
</testsuite> <!-- OpenCartTest -->
