<?xml version="1.0" encoding="UTF-8"?>
<testng-results ignored="0" total="7" passed="7" failed="0" skipped="0">
  <reporter-output>
  </reporter-output>
  <suite started-at="2023-10-09T19:28:50 BST" name="OpenCartSuite" finished-at="2023-10-09T19:30:18 BST" duration-ms="87696">
    <groups>
      <group name="Master">
        <method signature="TC_001_AccountRegistrationTest.test_account_Registration()[pri:0, instance:testCases.TC_001_AccountRegistrationTest@4f6ee6e4]" name="test_account_Registration" class="testCases.TC_001_AccountRegistrationTest"/>
        <method signature="TC_002_Logintest.test_login()[pri:0, instance:testCases.TC_002_Logintest@4a94ee4]" name="test_login" class="testCases.TC_002_Logintest"/>
      </group> <!-- Master -->
      <group name="Sanity">
        <method signature="TC_001_AccountRegistrationTest.test_account_Registration()[pri:0, instance:testCases.TC_001_AccountRegistrationTest@4f6ee6e4]" name="test_account_Registration" class="testCases.TC_001_AccountRegistrationTest"/>
      </group> <!-- Sanity -->
      <group name="Regression">
        <method signature="TC_002_Logintest.test_login()[pri:0, instance:testCases.TC_002_Logintest@4a94ee4]" name="test_login" class="testCases.TC_002_Logintest"/>
      </group> <!-- Regression -->
    </groups>
    <test started-at="2023-10-09T19:28:50 BST" name="OpenCartTest" finished-at="2023-10-09T19:30:18 BST" duration-ms="87696">
      <class name="testCases.TC_001_AccountRegistrationTest">
        <test-method is-config="true" signature="setup(java.lang.String)[pri:0, instance:testCases.TC_001_AccountRegistrationTest@4f6ee6e4]" started-at="2023-10-09T19:28:51 BST" name="setup" finished-at="2023-10-09T19:29:00 BST" duration-ms="9932" status="PASS">
          <params>
            <param index="0">
              <value>
                <![CDATA[chrome]]>
              </value>
            </param>
          </params>
          <reporter-output>
          </reporter-output>
        </test-method> <!-- setup -->
        <test-method signature="test_account_Registration()[pri:0, instance:testCases.TC_001_AccountRegistrationTest@4f6ee6e4]" started-at="2023-10-09T19:29:01 BST" name="test_account_Registration" finished-at="2023-10-09T19:29:11 BST" duration-ms="10386" status="PASS">
          <reporter-output>
          </reporter-output>
        </test-method> <!-- test_account_Registration -->
        <test-method is-config="true" signature="tearDown()[pri:0, instance:testCases.TC_001_AccountRegistrationTest@4f6ee6e4]" started-at="2023-10-09T19:29:11 BST" name="tearDown" finished-at="2023-10-09T19:29:12 BST" duration-ms="1435" status="PASS">
          <reporter-output>
          </reporter-output>
        </test-method> <!-- tearDown -->
      </class> <!-- testCases.TC_001_AccountRegistrationTest -->
      <class name="testCases.TC_002_Logintest">
        <test-method is-config="true" signature="setup(java.lang.String)[pri:0, instance:testCases.TC_002_Logintest@4a94ee4]" started-at="2023-10-09T19:29:12 BST" name="setup" finished-at="2023-10-09T19:29:19 BST" duration-ms="6190" status="PASS">
          <params>
            <param index="0">
              <value>
                <![CDATA[chrome]]>
              </value>
            </param>
          </params>
          <reporter-output>
          </reporter-output>
        </test-method> <!-- setup -->
        <test-method signature="test_login()[pri:0, instance:testCases.TC_002_Logintest@4a94ee4]" started-at="2023-10-09T19:29:19 BST" name="test_login" finished-at="2023-10-09T19:29:20 BST" duration-ms="1855" status="PASS">
          <reporter-output>
          </reporter-output>
        </test-method> <!-- test_login -->
        <test-method is-config="true" signature="tearDown()[pri:0, instance:testCases.TC_002_Logintest@4a94ee4]" started-at="2023-10-09T19:29:20 BST" name="tearDown" finished-at="2023-10-09T19:29:21 BST" duration-ms="700" status="PASS">
          <reporter-output>
          </reporter-output>
        </test-method> <!-- tearDown -->
      </class> <!-- testCases.TC_002_Logintest -->
      <class name="testCases.TC_003_LoginDDT">
        <test-method is-config="true" signature="setup(java.lang.String)[pri:0, instance:testCases.TC_003_LoginDDT@4cc451f2]" started-at="2023-10-09T19:29:21 BST" name="setup" finished-at="2023-10-09T19:29:25 BST" duration-ms="3490" status="PASS">
          <params>
            <param index="0">
              <value>
                <![CDATA[chrome]]>
              </value>
            </param>
          </params>
          <reporter-output>
          </reporter-output>
        </test-method> <!-- setup -->
        <test-method signature="test_loginDDT(java.lang.String,java.lang.String,java.lang.String)[pri:0, instance:testCases.TC_003_LoginDDT@4cc451f2]" started-at="2023-10-09T19:29:27 BST" name="test_loginDDT" data-provider="LoginData" finished-at="2023-10-09T19:29:39 BST" duration-ms="11657" status="PASS">
          <params>
            <param index="0">
              <value>
                <![CDATA[pavanoltraining@gmail.com]]>
              </value>
            </param>
            <param index="1">
              <value>
                <![CDATA[test@123]]>
              </value>
            </param>
            <param index="2">
              <value>
                <![CDATA[Invalid]]>
              </value>
            </param>
          </params>
          <reporter-output>
          </reporter-output>
        </test-method> <!-- test_loginDDT -->
        <test-method signature="test_loginDDT(java.lang.String,java.lang.String,java.lang.String)[pri:0, instance:testCases.TC_003_LoginDDT@4cc451f2]" started-at="2023-10-09T19:29:39 BST" name="test_loginDDT" data-provider="LoginData" finished-at="2023-10-09T19:29:41 BST" duration-ms="2250" status="PASS">
          <params>
            <param index="0">
              <value>
                <![CDATA[abcabc@gmail.com]]>
              </value>
            </param>
            <param index="1">
              <value>
                <![CDATA[abcabc]]>
              </value>
            </param>
            <param index="2">
              <value>
                <![CDATA[Valid]]>
              </value>
            </param>
          </params>
          <reporter-output>
          </reporter-output>
        </test-method> <!-- test_loginDDT -->
        <test-method signature="test_loginDDT(java.lang.String,java.lang.String,java.lang.String)[pri:0, instance:testCases.TC_003_LoginDDT@4cc451f2]" started-at="2023-10-09T19:29:41 BST" name="test_loginDDT" data-provider="LoginData" finished-at="2023-10-09T19:29:52 BST" duration-ms="11411" status="PASS">
          <params>
            <param index="0">
              <value>
                <![CDATA[laksh@yahoo.com]]>
              </value>
            </param>
            <param index="1">
              <value>
                <![CDATA[Lakshmi]]>
              </value>
            </param>
            <param index="2">
              <value>
                <![CDATA[Invalid]]>
              </value>
            </param>
          </params>
          <reporter-output>
          </reporter-output>
        </test-method> <!-- test_loginDDT -->
        <test-method signature="test_loginDDT(java.lang.String,java.lang.String,java.lang.String)[pri:0, instance:testCases.TC_003_LoginDDT@4cc451f2]" started-at="2023-10-09T19:29:52 BST" name="test_loginDDT" data-provider="LoginData" finished-at="2023-10-09T19:30:04 BST" duration-ms="11642" status="PASS">
          <params>
            <param index="0">
              <value>
                <![CDATA[laks@yahoo.com]]>
              </value>
            </param>
            <param index="1">
              <value>
                <![CDATA[xyz]]>
              </value>
            </param>
            <param index="2">
              <value>
                <![CDATA[Invalid]]>
              </value>
            </param>
          </params>
          <reporter-output>
          </reporter-output>
        </test-method> <!-- test_loginDDT -->
        <test-method signature="test_loginDDT(java.lang.String,java.lang.String,java.lang.String)[pri:0, instance:testCases.TC_003_LoginDDT@4cc451f2]" started-at="2023-10-09T19:30:04 BST" name="test_loginDDT" data-provider="LoginData" finished-at="2023-10-09T19:30:17 BST" duration-ms="12680" status="PASS">
          <params>
            <param index="0">
              <value>
                <![CDATA[abcabfc@gmail.com]]>
              </value>
            </param>
            <param index="1">
              <value>
                <![CDATA[abcabcds]]>
              </value>
            </param>
            <param index="2">
              <value>
                <![CDATA[Invalid]]>
              </value>
            </param>
          </params>
          <reporter-output>
          </reporter-output>
        </test-method> <!-- test_loginDDT -->
        <test-method is-config="true" signature="tearDown()[pri:0, instance:testCases.TC_003_LoginDDT@4cc451f2]" started-at="2023-10-09T19:30:17 BST" name="tearDown" finished-at="2023-10-09T19:30:18 BST" duration-ms="895" status="PASS">
          <reporter-output>
          </reporter-output>
        </test-method> <!-- tearDown -->
      </class> <!-- testCases.TC_003_LoginDDT -->
    </test> <!-- OpenCartTest -->
  </suite> <!-- OpenCartSuite -->
</testng-results>
