<?xml version="1.0" encoding="UTF-8"?>
<!-- Generated by org.testng.reporters.JUnitXMLReporter -->
<testsuite ignored="2" hostname="Paulson" failures="0" tests="1" name="OpenCartTest" time="17.528" errors="0" timestamp="2023-10-09T18:40:20 BST">
  <testcase classname="testCases.TC_001_AccountRegistrationTest" name="test_account_Registration" time="5.6"/>
  <testcase classname="testCases.TC_002_Logintest" name="test_login" time="0.0">
    <ignored/>
  </testcase> <!-- test_login -->
  <testcase classname="testCases.TC_003_LoginDDT" name="test_loginDDT" time="0.0">
    <ignored/>
  </testcase> <!-- test_loginDDT -->
</testsuite> <!-- OpenCartTest -->
